corpus.txt Sun Mar 30 02:49:07 PM EDT 2025	0/0	Error E_ZERODIVZERO
corpus.txt Sun Mar 30 02:49:57 PM EDT 2025	1/1	1
umu.sentences.txt~ Sun Mar 30 02:50:39 PM EDT 2025	1/1	1
umu.sentences.txt Sun Mar 30 02:50:59 PM EDT 2025	283/1296	~0.21836419753086419753
umu.sentences.txt Sun Mar 30 02:52:25 PM EDT 2025	283/1296	~0.21836419753086419753
umu.sentences.txt Sun Mar 30 02:52:55 PM EDT 2025	384/1296	~0.29629629629629629630
corpus.txt Tue Apr 1 11:27:35 AM EDT 2025	1/1	1
eng.sentences.txt Tue Apr 1 11:41:55 AM EDT 2025	291/2001	~0.14542728635682158921
umu.sentences.txt Tue Apr 1 11:42:28 AM EDT 2025	384/1296	~0.29629629629629629630
umu.sentences.txt Tue Apr 1 12:32:18 PM EDT 2025	395/1296	~0.30478395061728395062
umu.sentences.txt Tue Apr 1 12:37:47 PM EDT 2025	404/1296	~0.31172839506172839506
umu.sentences.txt Tue Apr 1 09:17:00 PM EDT 2025	404/1296	~0.31172839506172839506
umu.sentences.txt Tue Apr 1 09:24:16 PM EDT 2025	404/1296	~0.31172839506172839506
umu.sentences.txt Tue Apr 1 09:24:24 PM EDT 2025	404/1296	~0.31172839506172839506
umu.sentences.txt Tue Apr 1 09:25:44 PM EDT 2025	404/1296	~0.31172839506172839506
umu.sentences.txt Tue Apr 1 09:25:56 PM EDT 2025	432/1296	~0.33333333333333333333
umu.sentences.txt Tue Apr 1 09:27:15 PM EDT 2025	438/1296	~0.33796296296296296296
umu.sentences.txt Tue Apr 1 09:28:48 PM EDT 2025	438/1296	~0.33796296296296296296
umu.sentences.txt Tue Apr 1 09:29:33 PM EDT 2025	438/1296	~0.33796296296296296296
umu.sentences.txt Tue Apr 1 09:30:32 PM EDT 2025	450/1296	~0.34722222222222222222
umu.sentences.txt Tue Apr 1 09:31:23 PM EDT 2025	456/1296	~0.35185185185185185185
umu.sentences.txt Tue Apr 1 09:32:37 PM EDT 2025	456/1296	~0.35185185185185185185
umu.sentences.txt Tue Apr 1 09:34:10 PM EDT 2025	492/1296	~0.37962962962962962963
umu.sentences.txt Tue Apr 1 09:37:00 PM EDT 2025	502/1296	~0.38734567901234567901
umu.sentences.txt Tue Apr 1 09:37:27 PM EDT 2025	502/1296	~0.38734567901234567901
umu.sentences.txt Tue Apr 1 09:38:16 PM EDT 2025	506/1296	~0.39043209876543209877
umu.sentences.txt Tue Apr 1 09:45:25 PM EDT 2025	539/1296	~0.41589506172839506173
umu.sentences.txt Tue Apr 1 09:53:36 PM EDT 2025	512/1296	~0.39506172839506172840
umu.sentences.txt Tue Apr 1 09:55:03 PM EDT 2025	512/1296	~0.39506172839506172840
umu.sentences.txt Tue Apr 1 09:58:12 PM EDT 2025	512/1296	~0.39506172839506172840
umu.sentences.txt Tue Apr 1 09:59:05 PM EDT 2025	512/1296	~0.39506172839506172840
umu.sentences.txt Tue Apr 1 10:01:49 PM EDT 2025	512/1296	~0.39506172839506172840
umu.sentences.txt Tue Apr 1 10:06:23 PM EDT 2025	512/1296	~0.39506172839506172840
umu.sentences.txt Tue Apr 1 10:11:23 PM EDT 2025	512/1296	~0.39506172839506172840
umu.sentences.txt Tue Apr 1 10:14:08 PM EDT 2025	512/1296	~0.39506172839506172840
umu.sentences.txt Tue Apr 1 10:16:46 PM EDT 2025	512/1296	~0.39506172839506172840
umu.sentences.txt Tue Apr 1 10:20:18 PM EDT 2025	512/1296	~0.39506172839506172840
umu.sentences.txt Tue Apr 1 10:23:14 PM EDT 2025	512/1296	~0.39506172839506172840
umu.sentences.txt Tue Apr 1 10:23:24 PM EDT 2025	515/1296	~0.39737654320987654321
umu.sentences.txt Tue Apr 1 10:28:19 PM EDT 2025	515/1296	~0.39737654320987654321
umu.sentences.txt Tue Apr 1 10:31:11 PM EDT 2025	530/1296	~0.40895061728395061728
umu.sentences.txt Tue Apr 1 10:36:59 PM EDT 2025	530/1296	~0.40895061728395061728
umu.sentences.txt Tue Apr 1 10:46:34 PM EDT 2025	530/1296	~0.40895061728395061728
umu.sentences.txt Tue Apr 1 11:09:33 PM EDT 2025	530/1296	~0.40895061728395061728
umu.sentences.txt Thu Apr 3 04:58:28 PM EDT 2025	545/1296	~0.42052469135802469136
umu.sentences.txt Thu Apr 3 05:41:04 PM EDT 2025	0/0	Error E_ZERODIVZERO
umu.sentences.txt Thu Apr 3 05:41:17 PM EDT 2025	545/1296	~0.42052469135802469136
umu.sentences.txt Thu Apr 3 05:55:46 PM EDT 2025	545/1296	~0.42052469135802469136
umu.sentences.txt Thu Apr 3 05:56:37 PM EDT 2025	557/1296	~0.42978395061728395062
